make.exe all --print-data-base --no-builtin-variables --no-builtin-rules --question
# GNU Make 4.3
# Built for Windows32
# Copyright (C) 1988-2020 Free Software Foundation, Inc.
# License GPLv3+: GNU GPL version 3 or later <http://gnu.org/licenses/gpl.html>
# This is free software: you are free to change and redistribute it.
# There is NO WARRANTY, to the extent permitted by law.

# Make data base, printed on Wed Jun 22 19:55:30 2022

# Variables

# environment
FPS_BROWSER_APP_PROFILE_STRING = Internet Explorer
# environment
SYSTEMDRIVE = C:
# environment
LC_ALL = C
# environment
USERPROFILE = C:\Users\User
# environment
LOCALAPPDATA = C:\Users\User\AppData\Local
# environment
VSCODE_IPC_HOOK_EXTHOST = \\.\pipe\vscode-ipc-adf30697-b0ec-4460-a894-7283ae514911-sock
# environment
VSCODE_CWD = C:\Users\User\AppData\Local\Programs\Microsoft VS Code
# environment
CHOCOLATEYINSTALL = C:\ProgramData\chocolatey
# environment
SYSTEMROOT = C:\Windows
# environment
PROCESSOR_LEVEL = 6
# environment
PSMODULEPATH = C:\Program Files\WindowsPowerShell\Modules;C:\Windows\system32\WindowsPowerShell\v1.0\Modules;C:\Program Files (x86)\Microsoft SQL Server\140\Tools\PowerShell\Modules\
# default
MAKE_COMMAND := C:/ProgramData/chocolatey/lib/make/tools/install/bin/make.exe
# automatic
@D = $(patsubst %/,%,$(patsubst %\,%,$(dir $@)))
# environment
CHROME_CRASHPAD_PIPE_NAME = \\.\pipe\crashpad_8672_LWAAGYWGFBUIUEMT
# environment
FPS_BROWSER_USER_PROFILE_STRING = Default
# environment
VSCODE_HANDLES_UNCAUGHT_ERRORS = true
# default
.VARIABLES := 
# automatic
%D = $(patsubst %/,%,$(patsubst %\,%,$(dir $%)))
# automatic
^D = $(patsubst %/,%,$(patsubst %\,%,$(dir $^)))
# environment
VSCODE_LOG_STACK = false
# automatic
%F = $(notdir $%)
# environment
VSCODE_CODE_CACHE_PATH = C:\Users\User\AppData\Roaming\Code\CachedData\da15b6fd3ef856477bf6f4fb29ba1b7af717770d
# environment
LANG = C
# default
.LOADED := 
# environment
TMP = C:\Users\User\AppData\Local\Temp
# default
.INCLUDE_DIRS = .
# environment
PROCESSOR_ARCHITEW6432 = AMD64
# makefile
MAKEFLAGS = pqrR
# environment
ONEDRIVE = C:\Users\User\OneDrive
# makefile
CURDIR := e:/github/st00dia/aisd/AiSD2021-2022/projSort
# environment
VSCODE_PIPE_LOGGING = true
# environment
APPLICATION_INSIGHTS_NO_DIAGNOSTIC_CHANNEL = 1
# automatic
*D = $(patsubst %/,%,$(patsubst %\,%,$(dir $*)))
# environment
PROGRAMFILES = C:\Program Files (x86)
# environment
MFLAGS = -pqrR
# default
.SHELLFLAGS := -c
# environment
COMMONPROGRAMW6432 = C:\Program Files\Common Files
# automatic
+D = $(patsubst %/,%,$(patsubst %\,%,$(dir $+)))
# makefile (from 'Makefile', line 1)
MAKEFILE_LIST := Makefile
# automatic
@F = $(notdir $@)
# environment
VSCODE_VERBOSE_LOGGING = true
# environment
VSCODE_PID = 8672
# automatic
?D = $(patsubst %/,%,$(patsubst %\,%,$(dir $?)))
# environment
MSMPI_BIN = C:\Program Files\Microsoft MPI\Bin\
# automatic
*F = $(notdir $*)
# automatic
<D = $(patsubst %/,%,$(patsubst %\,%,$(dir $<)))
# environment
VSCODE_NLS_CONFIG = {"locale":"pl","availableLanguages":{},"_languagePackSupport":true}
# default
MAKE_HOST := Windows32
# environment
PROGRAMDATA = C:\ProgramData
# default
SHELL := sh.exe
# environment
HOMEPATH = \Users\User
# default
MAKECMDGOALS := all
# environment
RUBYOPT = -Eutf-8
# environment
DRIVERDATA = C:\Windows\System32\Drivers\DriverData
# environment
COMSPEC = C:\Windows\system32\cmd.exe
# environment
WINDIR = C:\Windows
# environment
MAKELEVEL := 0
# default
MAKE = $(MAKE_COMMAND)
# environment
PATH = C:\Program Files\Common Files\Oracle\Java\javapath;C:\Program Files\Microsoft MPI\Bin\;C:\Windows\system32;C:\Windows;C:\Windows\System32\Wbem;C:\Windows\System32\WindowsPowerShell\v1.0\;C:\Windows\System32\OpenSSH\;C:\Program Files\Git\cmd;C:\Program Files\PostgreSQL\13\bin;C:\Program Files\dotnet\;C:\Program Files (x86)\Microsoft SQL Server\140\Tools\Binn\;C:\Program Files\Microsoft SQL Server\140\Tools\Binn\;C:\Program Files (x86)\Microsoft SQL Server\140\DTS\Binn\;C:\Program Files\Microsoft SQL Server\140\DTS\Binn\;C:\Program Files\Microsoft SQL Server\Client SDK\ODBC\130\Tools\Binn\;C:\Program Files (x86)\Microsoft SQL Server\150\DTS\Binn\;C:\Program Files\Azure Data Studio\bin;C:\Program Files (x86)\dotnet\;C:\Program Files\nodejs\;C:\Program Files\Docker\Docker\resources\bin;C:\ProgramData\DockerDesktop\version-bin;C:\ProgramData\chocolatey\bin;C:\Ruby27-x64\bin;C:\Users\User\AppData\Local\Microsoft\WindowsApps;C:\Users\User\AppData\Local\GitHubDesktop\bin;C:\Users\User\AppData\Local\atom\bin;C:\Users\User\AppData\Local\Programs\Microsoft VS Code\bin;C:\Program Files\JetBrains\PyCharm 2020.3\bin;;C:\Program Files\heroku\bin;C:\Program Files\PostgreSQL\13\bin;C:\Program Files\Azure Data Studio\bin;C:\Users\User\.dotnet\tools;C:\Users\User\AppData\Roaming\npm;C:\Program Files\mingw-w64\x86_64-8.1.0-posix-seh-rt_v6-rev0\mingw64\bin;
# environment
COMPUTERNAME = DESKTOP-NT8V889
# default
MAKEFILES := 
# automatic
^F = $(notdir $^)
# environment
PYCHARM = C:\Program Files\JetBrains\PyCharm 2020.3\bin;
# environment
PROMPT = $P$G
# environment
CHOCOLATEYLASTPATHUPDATE = 132989311948919758
# environment
LOGONSERVER = \\DESKTOP-NT8V889
# environment
VSCODE_LOG_NATIVE = false
# environment
USERNAME = User
# environment
COMMONPROGRAMFILES = C:\Program Files (x86)\Common Files
# automatic
?F = $(notdir $?)
# environment
PROGRAMW6432 = C:\Program Files
# environment
PATHEXT = .COM;.EXE;.BAT;.CMD;.VBS;.VBE;.JS;.JSE;.WSF;.WSH;.MSC;.RB;.RBW
# automatic
+F = $(notdir $+)
# environment
ORIGINAL_XDG_CURRENT_DESKTOP = undefined
# environment
USERDOMAIN = DESKTOP-NT8V889
# 'override' directive
GNUMAKEFLAGS := 
# environment
OS = Windows_NT
# makefile
.DEFAULT_GOAL := all
# default
MAKE_VERSION := 4.3
# environment
PROGRAMFILES(X86) = C:\Program Files (x86)
# environment
USERDOMAIN_ROAMINGPROFILE = DESKTOP-NT8V889
# environment
NUMBER_OF_PROCESSORS = 4
# environment
PUBLIC = C:\Users\Public
# environment
APPDATA = C:\Users\User\AppData\Roaming
# environment
HOMEDRIVE = C:
# environment
PROCESSOR_ARCHITECTURE = x86
# environment
VSCODE_AMD_ENTRYPOINT = vs/workbench/api/node/extensionHostProcess
# environment
COMMONPROGRAMFILES(X86) = C:\Program Files (x86)\Common Files
# environment
ELECTRON_RUN_AS_NODE = 1
# environment
TEMP = C:\Users\User\AppData\Local\Temp
# environment
VSCODE_IPC_HOOK = \\.\pipe\ddf78b73f802b4b105ac4da8ec09dfcf-1.67.1-main-sock
# default
.RECIPEPREFIX := 
# automatic
<F = $(notdir $<)
# default
SUFFIXES := 
# environment
ALLUSERSPROFILE = C:\ProgramData
# environment
SESSIONNAME = Console
# default
.FEATURES := target-specific order-only second-expansion else-if shortest-stem undefine oneshell nocomment grouped-target extra-prereqs archives jobserver output-sync load
# environment
PROCESSOR_REVISION = 4e03
# environment
PROCESSOR_IDENTIFIER = Intel64 Family 6 Model 78 Stepping 3, GenuineIntel
# variable set hash-table stats:
# Load=99/1024=10%, Rehash=0, Collisions=9/129=7%

# Pattern-specific Variable Values

# No pattern-specific variable values.

# Directories

# . (key e:/github/st00dia/aisd/AiSD2021-2022/projSort, mtime 1654904718): 8 files, no impossibilities.

# 8 files, no impossibilities in 1 directories.

# Implicit Rules

# No implicit rules.

# Files

# Not a target:
algorytmy.c:
#  Implicit rule search has not been done.
#  Modification time never checked.
#  File has not been updated.

algorytmy.o: algorytmy.c algorytmy.h
#  Implicit rule search has not been done.
#  Modification time never checked.
#  File has not been updated.
#  recipe to execute (from 'Makefile', line 7):
	gcc -c algorytmy.c

# Not a target:
Makefile:
#  Implicit rule search has been done.
#  Last modified 2022-06-05 22:43:53
#  File has been updated.
#  Successfully updated.

clean:
#  Implicit rule search has not been done.
#  Modification time never checked.
#  File has not been updated.
#  recipe to execute (from 'Makefile', line 9):
	rm *.o

# Not a target:
.DEFAULT:
#  Implicit rule search has not been done.
#  Modification time never checked.
#  File has not been updated.

all: sort
#  Command line target.
#  Implicit rule search has been done.
#  File does not exist.
#  File has been updated.
#  Needs to be updated (-q is set).
# variable set hash-table stats:
# Load=0/32=0%, Rehash=0, Collisions=0/3=0%

# Not a target:
algorytmy.h:
#  Implicit rule search has been done.
#  Last modified 2022-06-10 11:47:17
#  File has been updated.
#  Successfully updated.

# Not a target:
main.c:
#  Implicit rule search has been done.
#  Last modified 2022-06-11 01:42:21
#  File has been updated.
#  Successfully updated.

main.o: main.c algorytmy.h
#  Implicit rule search has not been done.
#  Implicit/static pattern stem: ''
#  File does not exist.
#  File has been updated.
#  Needs to be updated (-q is set).
# automatic
# @ := main.o
# automatic
# * := 
# automatic
# < := main.c
# automatic
# + := main.c algorytmy.h
# automatic
# % := 
# automatic
# ^ := main.c algorytmy.h
# automatic
# ? := main.c algorytmy.h
# automatic
# | := 
# variable set hash-table stats:
# Load=8/32=25%, Rehash=0, Collisions=1/11=9%
#  recipe to execute (from 'Makefile', line 5):
	gcc -c main.c

sort: main.o algorytmy.o
#  Implicit rule search has not been done.
#  File does not exist.
#  File has been updated.
#  Needs to be updated (-q is set).
# variable set hash-table stats:
# Load=0/32=0%, Rehash=0, Collisions=0/3=0%
#  recipe to execute (from 'Makefile', line 3):
	gcc -o sort main.o algorytmy.o

# Not a target:
.SUFFIXES:
#  Implicit rule search has not been done.
#  Modification time never checked.
#  File has not been updated.

# files hash-table stats:
# Load=11/1024=1%, Rehash=0, Collisions=3/33=9%
# VPATH Search Paths

# No 'vpath' search paths.

# No general ('VPATH' variable) search path.

# strcache buffers: 1 (0) / strings = 15 / storage = 117 B / avg = 7 B
# current buf: size = 8174 B / used = 117 B / count = 15 / avg = 7 B

# strcache performance: lookups = 33 / hit rate = 54%
# hash-table stats:
# Load=15/8192=0%, Rehash=0, Collisions=0/33=0%
# Finished Make data base on Wed Jun 22 19:55:30 2022

 
